<?xml version="1.0" encoding="UTF-8"?>
<!-- Generated by org.testng.reporters.JUnitXMLReporter -->
<testsuite hostname="LAPTOP-VE35QHCC" ignored="0" name="SauceLab Test" tests="4" failures="0" timestamp="31 Oct 2020 18:03:30 GMT" time="218.883" errors="0">
  <testcase name="VerifyLoginTest" time="72.404" classname="com.eNetBanking.testCases.LoginScenario.TC_LoginTest_001"/>
  <testcase name="loginTest" time="83.508" classname="com.eNetBanking.testCases.LoginScenario.TC_LoginTest_002"/>
  <testcase name="TestLoginFailedWithoutUserId" time="5.163" classname="com.eNetBanking.testCases.LoginScenario.TC_LoginTest_003"/>
  <testcase name="VerifyLoginTest" time="18.482" classname="com.eNetBanking.testCases.LoginScenario.TC_LoginTest_004"/>
</testsuite> <!-- SauceLab Test -->
