<?xml version="1.0" encoding="UTF-8"?>
<!-- Generated by org.testng.reporters.JUnitXMLReporter -->
<testsuite hostname="LAPTOP-VE35QHCC" ignored="0" name="SauceLab Test" tests="2" failures="0" timestamp="29 Oct 2020 16:46:42 GMT" time="67.395" errors="0">
  <testcase name="VerifyLoginTest" time="27.474" classname="com.eNetBanking.testCases.LoginScenario.TC_LoginTest_001"/>
  <testcase name="loginTest" time="24.15" classname="com.eNetBanking.testCases.LoginScenario.TC_LoginTest_002"/>
</testsuite> <!-- SauceLab Test -->
