<?xml version="1.0" encoding="UTF-8"?>
<!-- Generated by org.testng.reporters.JUnitXMLReporter -->
<testsuite hostname="LAPTOP-VE35QHCC" ignored="0" name="SauceLab Test" tests="4" failures="0" timestamp="31 Oct 2020 19:48:49 GMT" time="71.471" errors="0">
  <testcase name="VerifyLoginTest" time="4.357" classname="com.eNetBanking.testCases.LoginScenario.TC_LoginTest_001"/>
  <testcase name="loginTest" time="15.77" classname="com.eNetBanking.testCases.LoginScenario.TC_LoginTest_002"/>
  <testcase name="TestLoginFailedWithoutUserId" time="5.455" classname="com.eNetBanking.testCases.LoginScenario.TC_LoginTest_003"/>
  <testcase name="VerifyLoginTest" time="10.991" classname="com.eNetBanking.testCases.LoginScenario.TC_LoginTest_004"/>
</testsuite> <!-- SauceLab Test -->
