<?xml version="1.0" encoding="UTF-8"?>
<testsuite xmlns:xsi="http://www.w3.org/2001/XMLSchema-instance" xsi:noNamespaceSchemaLocation="https://maven.apache.org/surefire/maven-surefire-plugin/xsd/surefire-test-report.xsd" name="TestSuite" time="68.663" tests="2" errors="0" skipped="0" failures="0">
  <properties>
[...]
</properties>
  <testcase name="VerifyLoginTest" classname="com.eNetBanking.testCases.LoginScenario.TC_LoginTest_001" time="27.475"/>
  <testcase name="loginTest" classname="com.eNetBanking.testCases.LoginScenario.TC_LoginTest_002" time="24.151"/>
</testsuite>