<?xml version="1.0" encoding="UTF-8"?>
<testng-results skipped="0" failed="0" ignored="0" total="1" passed="1">
  <reporter-output>
  </reporter-output>
  <suite name="eNetBanking" duration-ms="8665" started-at="2020-10-29T17:58:25Z" finished-at="2020-10-29T17:58:33Z">
    <groups>
    </groups>
    <test name="SauceLab Test" duration-ms="8665" started-at="2020-10-29T17:58:25Z" finished-at="2020-10-29T17:58:33Z">
      <class name="com.eNetBanking.testCases.LoginScenario.TC_LoginTest_003">
        <test-method status="PASS" signature="setUp(java.lang.String)[pri:0, instance:com.eNetBanking.testCases.LoginScenario.TC_LoginTest_003@531be3c5]" name="setUp" is-config="true" duration-ms="7625" started-at="2020-10-29T17:58:25Z" finished-at="2020-10-29T17:58:32Z">
          <params>
            <param index="0">
              <value>
                <![CDATA[chrome]]>
              </value>
            </param>
          </params>
          <reporter-output>
          </reporter-output>
        </test-method> <!-- setUp -->
        <test-method status="PASS" signature="TestLoginFailedWithoutUserId()[pri:0, instance:com.eNetBanking.testCases.LoginScenario.TC_LoginTest_003@531be3c5]" name="TestLoginFailedWithoutUserId" duration-ms="244" started-at="2020-10-29T17:58:32Z" description="Verify an error message when user id not enter  in login window." finished-at="2020-10-29T17:58:33Z">
          <reporter-output>
          </reporter-output>
        </test-method> <!-- TestLoginFailedWithoutUserId -->
        <test-method status="PASS" signature="tearDown()[pri:0, instance:com.eNetBanking.testCases.LoginScenario.TC_LoginTest_003@531be3c5]" name="tearDown" is-config="true" duration-ms="630" started-at="2020-10-29T17:58:33Z" finished-at="2020-10-29T17:58:33Z">
          <reporter-output>
          </reporter-output>
        </test-method> <!-- tearDown -->
      </class> <!-- com.eNetBanking.testCases.LoginScenario.TC_LoginTest_003 -->
    </test> <!-- SauceLab Test -->
  </suite> <!-- eNetBanking -->
</testng-results>
